[+] Containers:
 |- [+] Container: /Game/ThirdPerson/Maps/Lvl_DemoMap
 |   |- [+] ActorDescs:
 |   |   |- Guid:04AD435AB461373D8A4684CBB6BD308D NativeClass:/Script/Engine.WorldDataLayers Name:WorldDataLayers Label:WorldDataLayers SpatiallyLoaded:false EditorBounds:IsValid=false, Min=(X=0.000 Y=0.000 Z=0.000), Max=(X=0.000 Y=0.000 Z=0.000) RuntimeBounds:IsValid=false, Min=(X=0.000 Y=0.000 Z=0.000), Max=(X=0.000 Y=0.000 Z=0.000) RuntimeGrid:None EditorOnly:false RuntimeOnly:false HLODRelevant:false ListedInSceneOutliner:true IsMainWorldOnly:true
 |   |   |- Guid:0E8528FCDDD431C9A8F13A3F5EC9A871 NativeClass:/Script/Engine.StaticMeshActor Name:StaticMeshActor_5 Label:SM_Cube2 SpatiallyLoaded:true EditorBounds:IsValid=true, Min=(X=0.000 Y=-700.000 Z=0.000), Max=(X=3000.000 Y=-600.000 Z=400.000) RuntimeBounds:IsValid=true, Min=(X=0.000 Y=-700.000 Z=0.000), Max=(X=3000.000 Y=-600.000 Z=400.000) RuntimeGrid:None EditorOnly:false RuntimeOnly:false HLODRelevant:true ListedInSceneOutliner:true IsMainWorldOnly:false FolderPath:Playground FolderGuid:C73F09FC4215536B1DCE2A9E0A830C70
 |   |   |- Guid:11C7CF9B4076F693444539AE9E448A19 BaseClass:/Game/Telekenisis/BP_MagneticItem.BP_MagneticItem_C NativeClass:/Script/Engine.Actor Name:BP_MagneticItem_C_UAID_345A60283DAB08A502_1690162165 Label:BP_MagneticItem SpatiallyLoaded:true EditorBounds:IsValid=true, Min=(X=916.738 Y=216.738 Z=-18.000), Max=(X=1363.262 Y=663.262 Z=318.000) RuntimeBounds:IsValid=true, Min=(X=916.738 Y=216.738 Z=-18.000), Max=(X=1363.262 Y=663.262 Z=318.000) RuntimeGrid:None EditorOnly:false RuntimeOnly:false HLODRelevant:false ListedInSceneOutliner:true IsMainWorldOnly:false
 |   |   |- Guid:13B1C790F241315F81DCD6C6F4D12CC6 NativeClass:/Script/Engine.Actor Name:AnyConv_com__Car_scene_UAID_345A60283DABFBA402_1897467858 Label:AnyConv_com__Car_scene_0 SpatiallyLoaded:true EditorBounds:IsValid=true, Min=(X=0.000 Y=0.000 Z=0.000), Max=(X=0.000 Y=0.000 Z=0.000) RuntimeBounds:IsValid=true, Min=(X=0.000 Y=0.000 Z=0.000), Max=(X=0.000 Y=0.000 Z=0.000) RuntimeGrid:None EditorOnly:false RuntimeOnly:false HLODRelevant:false ListedInSceneOutliner:true IsMainWorldOnly:false
 |   |   |- Guid:224B7D9E4EAB68D7B8EB13B75F929FAE NativeClass:/Script/Engine.StaticMeshActor Name:StaticMeshActor_UAID_345A60283DAB08A502_1163172144 Label:SM_Cube8 SpatiallyLoaded:true EditorBounds:IsValid=true, Min=(X=38.319 Y=-170.000 Z=-10.000), Max=(X=965.823 Y=587.202 Z=390.000) RuntimeBounds:IsValid=true, Min=(X=38.319 Y=-170.000 Z=-10.000), Max=(X=965.823 Y=587.202 Z=390.000) RuntimeGrid:None EditorOnly:false RuntimeOnly:false HLODRelevant:true ListedInSceneOutliner:true IsMainWorldOnly:false FolderPath:Playground FolderGuid:C73F09FC4215536B1DCE2A9E0A830C70
 |   |   |- Guid:402D6371B15A39B1898DB4918B9274B1 NativeClass:/Script/Engine.Actor Name:AnyConv_com__Car_node_UAID_345A60283DABFBA402_1906076873 Label:Car__AssimpFbx__RotationPivotInverse SpatiallyLoaded:true EditorBounds:IsValid=true, Min=(X=0.000 Y=0.000 Z=0.000), Max=(X=0.000 Y=0.000 Z=0.000) RuntimeBounds:IsValid=true, Min=(X=0.000 Y=0.000 Z=0.000), Max=(X=0.000 Y=0.000 Z=0.000) RuntimeGrid:None EditorOnly:false RuntimeOnly:false HLODRelevant:false ListedInSceneOutliner:true IsMainWorldOnly:false
 |   |   |- Guid:49B81BF356373826BBE2B1BF8904FD97 NativeClass:/Script/Engine.PlayerStart Name:PlayerStart_0 Label:PlayerStart SpatiallyLoaded:false EditorBounds:IsValid=true, Min=(X=552.000 Y=-468.000 Z=-35.987), Max=(X=920.000 Y=-212.000 Z=220.013) RuntimeBounds:IsValid=true, Min=(X=640.000 Y=-380.000 Z=0.013), Max=(X=720.000 Y=-300.000 Z=184.013) RuntimeGrid:None EditorOnly:false RuntimeOnly:false HLODRelevant:false ListedInSceneOutliner:true IsMainWorldOnly:false
 |   |   |- Guid:5391EFBA446A1F0DA00D9CB5E43253A8 BaseClass:/Game/Telekenisis/FbxScene_Car_(1).FbxScene_Car_(1)_C NativeClass:/Script/Engine.Actor Name:FbxScene_Car_(1)_C_UAID_345A60283DAB08A502_1379111162 Label:FbxScene_Car_(1) SpatiallyLoaded:true EditorBounds:IsValid=true, Min=(X=-26.287 Y=-21.111 Z=0.000), Max=(X=26.287 Y=21.944 Z=89.183) RuntimeBounds:IsValid=true, Min=(X=-26.287 Y=-21.111 Z=43.815), Max=(X=26.287 Y=21.944 Z=89.183) RuntimeGrid:None EditorOnly:false RuntimeOnly:false HLODRelevant:true ListedInSceneOutliner:true IsMainWorldOnly:false
 |   |   |- Guid:5D5E7BB6B81135CB82DB2F2D1E92E5AE NativeClass:/Script/Engine.Actor Name:AnyConv_com__Car_node_UAID_345A60283DABFBA402_1904188863 Label:PM3D_Sphere3D1_1_ZBrushPolyMesh3D__AssimpFbx__RotationPivot SpatiallyLoaded:true EditorBounds:IsValid=true, Min=(X=0.000 Y=0.000 Z=0.000), Max=(X=0.000 Y=0.000 Z=0.000) RuntimeBounds:IsValid=true, Min=(X=0.000 Y=0.000 Z=0.000), Max=(X=0.000 Y=0.000 Z=0.000) RuntimeGrid:None EditorOnly:false RuntimeOnly:false HLODRelevant:false ListedInSceneOutliner:true IsMainWorldOnly:false
 |   |   |- Guid:6309187C0DD43FC28E9EC31A1FCE29C0 NativeClass:/Script/Engine.Actor Name:AnyConv_com__Car_node_UAID_345A60283DABFBA402_1904184859 Label:RootNode SpatiallyLoaded:true EditorBounds:IsValid=true, Min=(X=0.000 Y=0.000 Z=0.000), Max=(X=0.000 Y=0.000 Z=0.000) RuntimeBounds:IsValid=true, Min=(X=0.000 Y=0.000 Z=0.000), Max=(X=0.000 Y=0.000 Z=0.000) RuntimeGrid:None EditorOnly:false RuntimeOnly:false HLODRelevant:false ListedInSceneOutliner:true IsMainWorldOnly:false Parent:13B1C790F241315F81DCD6C6F4D12CC6
 |   |   |- Guid:632E8DFBDC06395BA1DCF1E0A9B8441B NativeClass:/Script/Engine.ExponentialHeightFog Name:ExponentialHeightFog_0 Label:ExponentialHeightFog SpatiallyLoaded:false EditorBounds:IsValid=true, Min=(X=-5728.000 Y=-178.000 Z=-6978.000), Max=(X=-5472.000 Y=78.000 Z=-6722.000) RuntimeBounds:IsValid=true, Min=(X=-5600.000 Y=-50.000 Z=-6850.000), Max=(X=-5600.000 Y=-50.000 Z=-6850.000) RuntimeGrid:None EditorOnly:false RuntimeOnly:false HLODRelevant:false ListedInSceneOutliner:true IsMainWorldOnly:false FolderPath:Lighting FolderGuid:963EC3EB4002CCE9759E2EBA541A873A
 |   |   |- Guid:6D22EC057B4131F0A3805CB31A487529 NativeClass:/Script/Engine.PostProcessVolume Name:PostProcessVolume_0 Label:PostProcessVolume SpatiallyLoaded:false EditorBounds:IsValid=true, Min=(X=-240.000 Y=0.000 Z=400.000), Max=(X=-40.000 Y=200.000 Z=600.000) RuntimeBounds:IsValid=true, Min=(X=-240.000 Y=0.000 Z=400.000), Max=(X=-40.000 Y=200.000 Z=600.000) RuntimeGrid:None EditorOnly:false RuntimeOnly:false HLODRelevant:false ListedInSceneOutliner:true IsMainWorldOnly:false FolderPath:Lighting FolderGuid:963EC3EB4002CCE9759E2EBA541A873A
 |   |   |- Guid:6F09DD3B4ACA678E0090BA94130380BA NativeClass:/Script/Engine.StaticMeshActor Name:StaticMeshActor_UAID_345A60283DAB08A502_1765687166 Label:Cylinder SpatiallyLoaded:true EditorBounds:IsValid=true, Min=(X=1921.429 Y=821.429 Z=-7.500), Max=(X=2078.571 Y=978.571 Z=867.500) RuntimeBounds:IsValid=true, Min=(X=1921.429 Y=821.429 Z=-7.500), Max=(X=2078.571 Y=978.571 Z=867.500) RuntimeGrid:None EditorOnly:false RuntimeOnly:false HLODRelevant:true ListedInSceneOutliner:true IsMainWorldOnly:false
 |   |   |- Guid:7433F68A8A5E31D5A03FBB77F32FD74C NativeClass:/Script/Engine.SkyLight Name:SkyLight_1 Label:SkyLight SpatiallyLoaded:false EditorBounds:IsValid=true, Min=(X=-1.000 Y=-1.000 Z=-1.000), Max=(X=1.000 Y=1.000 Z=690.000) RuntimeBounds:IsValid=true, Min=(X=0.000 Y=0.000 Z=690.000), Max=(X=0.000 Y=0.000 Z=690.000) RuntimeGrid:None EditorOnly:false RuntimeOnly:false HLODRelevant:false ListedInSceneOutliner:true IsMainWorldOnly:false FolderPath:Lighting FolderGuid:963EC3EB4002CCE9759E2EBA541A873A
 |   |   |- Guid:76165A184EA807865D86048AC696EB91 NativeClass:/Script/Engine.StaticMeshActor Name:StaticMeshActor_UAID_345A60283DAB08A502_1188981145 Label:SM_Cube9 SpatiallyLoaded:true EditorBounds:IsValid=true, Min=(X=1300.000 Y=-664.635 Z=-10.000), Max=(X=1879.913 Y=364.582 Z=390.000) RuntimeBounds:IsValid=true, Min=(X=1300.000 Y=-664.635 Z=-10.000), Max=(X=1879.913 Y=364.582 Z=390.000) RuntimeGrid:None EditorOnly:false RuntimeOnly:false HLODRelevant:true ListedInSceneOutliner:true IsMainWorldOnly:false FolderPath:Playground FolderGuid:C73F09FC4215536B1DCE2A9E0A830C70
 |   |   |- Guid:76DD467135013A7AAF170291473C9079 NativeClass:/Script/Engine.SkyAtmosphere Name:SkyAtmosphere_0 Label:SkyAtmosphere SpatiallyLoaded:false EditorBounds:IsValid=true, Min=(X=-128.000 Y=-128.000 Z=892.000), Max=(X=240.000 Y=128.000 Z=1148.000) RuntimeBounds:IsValid=true, Min=(X=0.000 Y=0.000 Z=1020.000), Max=(X=0.000 Y=0.000 Z=1020.000) RuntimeGrid:None EditorOnly:false RuntimeOnly:false HLODRelevant:false ListedInSceneOutliner:true IsMainWorldOnly:false FolderPath:Lighting FolderGuid:963EC3EB4002CCE9759E2EBA541A873A
 |   |   |- Guid:76F9672CF6AF3A5AAF567A42F0F28D7B NativeClass:/Script/Engine.VolumetricCloud Name:VolumetricCloud_0 Label:VolumetricCloud SpatiallyLoaded:false EditorBounds:IsValid=true, Min=(X=-128.000 Y=-128.000 Z=692.000), Max=(X=128.000 Y=128.000 Z=948.000) RuntimeBounds:IsValid=true, Min=(X=0.000 Y=0.000 Z=820.000), Max=(X=0.000 Y=0.000 Z=820.000) RuntimeGrid:None EditorOnly:false RuntimeOnly:false HLODRelevant:false ListedInSceneOutliner:true IsMainWorldOnly:false FolderPath:Lighting FolderGuid:963EC3EB4002CCE9759E2EBA541A873A
 |   |   |- Guid:8B3883EE8035377E9074E8AD68BF926D NativeClass:/Script/Engine.StaticMeshActor Name:StaticMeshActor_4 Label:SM_Cube6 SpatiallyLoaded:true EditorBounds:IsValid=true, Min=(X=2340.000 Y=-640.000 Z=0.000), Max=(X=2440.000 Y=3435.000 Z=400.000) RuntimeBounds:IsValid=true, Min=(X=2340.000 Y=-640.000 Z=0.000), Max=(X=2440.000 Y=3435.000 Z=400.000) RuntimeGrid:None EditorOnly:false RuntimeOnly:false HLODRelevant:true ListedInSceneOutliner:true IsMainWorldOnly:false FolderPath:Playground FolderGuid:C73F09FC4215536B1DCE2A9E0A830C70
 |   |   |- Guid:8C8232DF55C9331AAFB166BE00383250 NativeClass:/Script/Engine.Actor Name:AnyConv_com__Car_node_UAID_345A60283DABFBA402_1904191867 Label:PM3D_Sphere3D1_1_ZBrushPolyMesh3D__AssimpFbx__ScalingPivot SpatiallyLoaded:true EditorBounds:IsValid=true, Min=(X=0.000 Y=0.000 Z=0.000), Max=(X=0.000 Y=0.000 Z=0.000) RuntimeBounds:IsValid=true, Min=(X=0.000 Y=0.000 Z=0.000), Max=(X=0.000 Y=0.000 Z=0.000) RuntimeGrid:None EditorOnly:false RuntimeOnly:false HLODRelevant:false ListedInSceneOutliner:true IsMainWorldOnly:false Parent:9EFC0D5441273A0AB910D5CE994716C8
 |   |   |- Guid:9719162C44998B7CE3F0F1B06A2DD127 NativeClass:/Script/Engine.StaticMeshActor Name:StaticMeshActor_UAID_345A60283DAB08A502_1829491168 Label:SM_Cube4 SpatiallyLoaded:true EditorBounds:IsValid=true, Min=(X=0.000 Y=1430.000 Z=0.000), Max=(X=3000.000 Y=1530.000 Z=400.000) RuntimeBounds:IsValid=true, Min=(X=0.000 Y=1430.000 Z=0.000), Max=(X=3000.000 Y=1530.000 Z=400.000) RuntimeGrid:None EditorOnly:false RuntimeOnly:false HLODRelevant:true ListedInSceneOutliner:true IsMainWorldOnly:false FolderPath:Playground FolderGuid:C73F09FC4215536B1DCE2A9E0A830C70
 |   |   |- Guid:9DBC36F290B234A882FEB9ED08B8CCCA NativeClass:/Script/Engine.TextRenderActor Name:TextRenderActor_1 Label:TextRenderActor SpatiallyLoaded:true EditorBounds:IsValid=true, Min=(X=-128.100 Y=972.000 Z=12.013), Max=(X=127.900 Y=2392.308 Z=268.013) RuntimeBounds:IsValid=true, Min=(X=-0.100 Y=1100.000 Z=65.013), Max=(X=-0.100 Y=2392.308 Z=215.013) RuntimeGrid:None EditorOnly:false RuntimeOnly:false HLODRelevant:false ListedInSceneOutliner:true IsMainWorldOnly:false
 |   |   |- Guid:9EFC0D5441273A0AB910D5CE994716C8 NativeClass:/Script/Engine.Actor Name:AnyConv_com__Car_node_UAID_345A60283DABFBA402_1904190866 Label:PM3D_Sphere3D1_1_ZBrushPolyMesh3D__AssimpFbx__ScalingOffset SpatiallyLoaded:true EditorBounds:IsValid=true, Min=(X=0.000 Y=0.000 Z=352.026), Max=(X=0.000 Y=0.000 Z=352.026) RuntimeBounds:IsValid=true, Min=(X=0.000 Y=0.000 Z=352.026), Max=(X=0.000 Y=0.000 Z=352.026) RuntimeGrid:None EditorOnly:false RuntimeOnly:false HLODRelevant:false ListedInSceneOutliner:true IsMainWorldOnly:false
 |   |   |- Guid:A9C9142075583BBABF09FE6771E65667 NativeClass:/Script/Engine.StaticMeshActor Name:StaticMeshActor_UAID_A4AE111137DC5EFB00_1110535423 Label:SM_SkySphere SpatiallyLoaded:false EditorBounds:IsValid=true, Min=(X=-1638400.000 Y=-1638400.000 Z=-1638400.000), Max=(X=1638400.000 Y=1638400.000 Z=1638400.000) RuntimeBounds:IsValid=true, Min=(X=-1638400.000 Y=-1638400.000 Z=-1638400.000), Max=(X=1638400.000 Y=1638400.000 Z=1638400.000) RuntimeGrid:None EditorOnly:false RuntimeOnly:false HLODRelevant:false ListedInSceneOutliner:true IsMainWorldOnly:false FolderPath:Lighting FolderGuid:963EC3EB4002CCE9759E2EBA541A873A
 |   |   |- Guid:B029F92E83B130ABA3B2ACC0336C2086 NativeClass:/Script/Engine.Actor Name:AnyConv_com__Car_node_UAID_345A60283DABFBA402_1906078876 Label:Car__AssimpFbx__ScalingPivotInverse SpatiallyLoaded:true EditorBounds:IsValid=true, Min=(X=0.000 Y=0.000 Z=0.000), Max=(X=0.000 Y=0.000 Z=0.000) RuntimeBounds:IsValid=true, Min=(X=0.000 Y=0.000 Z=0.000), Max=(X=0.000 Y=0.000 Z=0.000) RuntimeGrid:None EditorOnly:false RuntimeOnly:false HLODRelevant:false ListedInSceneOutliner:true IsMainWorldOnly:false
 |   |   |- Guid:B4791911345331F8872590EA5CE5507B NativeClass:/Script/Engine.StaticMeshActor Name:StaticMeshActor_6 Label:SM_Cube3 SpatiallyLoaded:true EditorBounds:IsValid=true, Min=(X=0.000 Y=3400.000 Z=0.000), Max=(X=3000.000 Y=3500.000 Z=400.000) RuntimeBounds:IsValid=true, Min=(X=0.000 Y=3400.000 Z=0.000), Max=(X=3000.000 Y=3500.000 Z=400.000) RuntimeGrid:None EditorOnly:false RuntimeOnly:false HLODRelevant:true ListedInSceneOutliner:true IsMainWorldOnly:false FolderPath:Playground FolderGuid:C73F09FC4215536B1DCE2A9E0A830C70
 |   |   |- Guid:C0D40CCB4AC014EFD9BBBC883DAABCB1 BaseClass:/Game/ThirdPerson/Blueprints/BP_GrapplePoint.BP_GrapplePoint_C NativeClass:/Script/Engine.Actor Name:BP_GrapplePoint_C_UAID_345A60283DAB08A502_1811924167 Label:BP_GrapplePoint SpatiallyLoaded:true EditorBounds:IsValid=true, Min=(X=1652.084 Y=715.429 Z=667.500), Max=(X=2050.475 Y=1088.968 Z=900.000) RuntimeBounds:IsValid=true, Min=(X=1652.084 Y=715.429 Z=667.500), Max=(X=2050.475 Y=1088.968 Z=900.000) RuntimeGrid:None EditorOnly:false RuntimeOnly:false HLODRelevant:false ListedInSceneOutliner:true IsMainWorldOnly:false
 |   |   |- Guid:C8F0F50F4DDD8CAB92B0739251DF7B92 NativeClass:/Script/Engine.StaticMeshActor Name:StaticMeshActor_UAID_345A60283DAB08A502_1133431143 Label:SM_Cube7 SpatiallyLoaded:true EditorBounds:IsValid=true, Min=(X=-0.000 Y=-640.000 Z=0.000), Max=(X=100.000 Y=3435.000 Z=400.000) RuntimeBounds:IsValid=true, Min=(X=-0.000 Y=-640.000 Z=0.000), Max=(X=100.000 Y=3435.000 Z=400.000) RuntimeGrid:None EditorOnly:false RuntimeOnly:false HLODRelevant:true ListedInSceneOutliner:true IsMainWorldOnly:false FolderPath:Playground FolderGuid:C73F09FC4215536B1DCE2A9E0A830C70
 |   |   |- Guid:CB9CF0A5714D3846B5D1FCB598E3C86C NativeClass:/Script/Engine.StaticMeshActor Name:StaticMeshActor_1 Label:SM_Cube SpatiallyLoaded:true EditorBounds:IsValid=true, Min=(X=0.000 Y=-750.000 Z=-50.000), Max=(X=3000.000 Y=4075.000 Z=0.000) RuntimeBounds:IsValid=true, Min=(X=0.000 Y=-750.000 Z=-50.000), Max=(X=3000.000 Y=4075.000 Z=0.000) RuntimeGrid:None EditorOnly:false RuntimeOnly:false HLODRelevant:true ListedInSceneOutliner:true IsMainWorldOnly:false FolderPath:Playground FolderGuid:C73F09FC4215536B1DCE2A9E0A830C70
 |   |   |- Guid:DC12F43FF43A36DABB686CC7EBF674EE NativeClass:/Script/Engine.Actor Name:AnyConv_com__Car_node_UAID_345A60283DABFBA402_1904192868 Label:PM3D_Sphere3D1_1_ZBrushPolyMesh3D__AssimpFbx__Scaling SpatiallyLoaded:true EditorBounds:IsValid=true, Min=(X=0.000 Y=0.000 Z=0.000), Max=(X=0.000 Y=0.000 Z=0.000) RuntimeBounds:IsValid=true, Min=(X=0.000 Y=0.000 Z=0.000), Max=(X=0.000 Y=0.000 Z=0.000) RuntimeGrid:None EditorOnly:false RuntimeOnly:false HLODRelevant:false ListedInSceneOutliner:true IsMainWorldOnly:false Parent:8C8232DF55C9331AAFB166BE00383250
 |   |   |- Guid:DEA246295C203E698836BEBE4A8D489E NativeClass:/Script/Engine.DirectionalLight Name:DirectionalLight_0 Label:DirectionalLight SpatiallyLoaded:false EditorBounds:IsValid=false, Min=(X=0.000 Y=0.000 Z=0.000), Max=(X=0.000 Y=0.000 Z=0.000) RuntimeBounds:IsValid=false, Min=(X=0.000 Y=0.000 Z=0.000), Max=(X=0.000 Y=0.000 Z=0.000) RuntimeGrid:None EditorOnly:false RuntimeOnly:false HLODRelevant:false ListedInSceneOutliner:true IsMainWorldOnly:false FolderPath:Lighting FolderGuid:963EC3EB4002CCE9759E2EBA541A873A
 |   |- [+] Clusters:
 |   |   |- [+] [  0]
 |   |   |   |- Guid:04AD435AB461373D8A4684CBB6BD308D NativeClass:/Script/Engine.WorldDataLayers Name:WorldDataLayers Label:WorldDataLayers SpatiallyLoaded:false EditorBounds:IsValid=false, Min=(X=0.000 Y=0.000 Z=0.000), Max=(X=0.000 Y=0.000 Z=0.000) RuntimeBounds:IsValid=false, Min=(X=0.000 Y=0.000 Z=0.000), Max=(X=0.000 Y=0.000 Z=0.000) RuntimeGrid:None EditorOnly:false RuntimeOnly:false HLODRelevant:false ListedInSceneOutliner:true IsMainWorldOnly:true
 |   |   |- [+] [  1]
 |   |   |   |- Guid:0E8528FCDDD431C9A8F13A3F5EC9A871 NativeClass:/Script/Engine.StaticMeshActor Name:StaticMeshActor_5 Label:SM_Cube2 SpatiallyLoaded:true EditorBounds:IsValid=true, Min=(X=0.000 Y=-700.000 Z=0.000), Max=(X=3000.000 Y=-600.000 Z=400.000) RuntimeBounds:IsValid=true, Min=(X=0.000 Y=-700.000 Z=0.000), Max=(X=3000.000 Y=-600.000 Z=400.000) RuntimeGrid:None EditorOnly:false RuntimeOnly:false HLODRelevant:true ListedInSceneOutliner:true IsMainWorldOnly:false FolderPath:Playground FolderGuid:C73F09FC4215536B1DCE2A9E0A830C70
 |   |   |- [+] [  2]
 |   |   |   |- Guid:11C7CF9B4076F693444539AE9E448A19 BaseClass:/Game/Telekenisis/BP_MagneticItem.BP_MagneticItem_C NativeClass:/Script/Engine.Actor Name:BP_MagneticItem_C_UAID_345A60283DAB08A502_1690162165 Label:BP_MagneticItem SpatiallyLoaded:true EditorBounds:IsValid=true, Min=(X=916.738 Y=216.738 Z=-18.000), Max=(X=1363.262 Y=663.262 Z=318.000) RuntimeBounds:IsValid=true, Min=(X=916.738 Y=216.738 Z=-18.000), Max=(X=1363.262 Y=663.262 Z=318.000) RuntimeGrid:None EditorOnly:false RuntimeOnly:false HLODRelevant:false ListedInSceneOutliner:true IsMainWorldOnly:false
 |   |   |- [+] [  3]
 |   |   |   |- Guid:13B1C790F241315F81DCD6C6F4D12CC6 NativeClass:/Script/Engine.Actor Name:AnyConv_com__Car_scene_UAID_345A60283DABFBA402_1897467858 Label:AnyConv_com__Car_scene_0 SpatiallyLoaded:true EditorBounds:IsValid=true, Min=(X=0.000 Y=0.000 Z=0.000), Max=(X=0.000 Y=0.000 Z=0.000) RuntimeBounds:IsValid=true, Min=(X=0.000 Y=0.000 Z=0.000), Max=(X=0.000 Y=0.000 Z=0.000) RuntimeGrid:None EditorOnly:false RuntimeOnly:false HLODRelevant:false ListedInSceneOutliner:true IsMainWorldOnly:false
 |   |   |   |- Guid:6309187C0DD43FC28E9EC31A1FCE29C0 NativeClass:/Script/Engine.Actor Name:AnyConv_com__Car_node_UAID_345A60283DABFBA402_1904184859 Label:RootNode SpatiallyLoaded:true EditorBounds:IsValid=true, Min=(X=0.000 Y=0.000 Z=0.000), Max=(X=0.000 Y=0.000 Z=0.000) RuntimeBounds:IsValid=true, Min=(X=0.000 Y=0.000 Z=0.000), Max=(X=0.000 Y=0.000 Z=0.000) RuntimeGrid:None EditorOnly:false RuntimeOnly:false HLODRelevant:false ListedInSceneOutliner:true IsMainWorldOnly:false Parent:13B1C790F241315F81DCD6C6F4D12CC6
 |   |   |- [+] [  4]
 |   |   |   |- Guid:224B7D9E4EAB68D7B8EB13B75F929FAE NativeClass:/Script/Engine.StaticMeshActor Name:StaticMeshActor_UAID_345A60283DAB08A502_1163172144 Label:SM_Cube8 SpatiallyLoaded:true EditorBounds:IsValid=true, Min=(X=38.319 Y=-170.000 Z=-10.000), Max=(X=965.823 Y=587.202 Z=390.000) RuntimeBounds:IsValid=true, Min=(X=38.319 Y=-170.000 Z=-10.000), Max=(X=965.823 Y=587.202 Z=390.000) RuntimeGrid:None EditorOnly:false RuntimeOnly:false HLODRelevant:true ListedInSceneOutliner:true IsMainWorldOnly:false FolderPath:Playground FolderGuid:C73F09FC4215536B1DCE2A9E0A830C70
 |   |   |- [+] [  5]
 |   |   |   |- Guid:402D6371B15A39B1898DB4918B9274B1 NativeClass:/Script/Engine.Actor Name:AnyConv_com__Car_node_UAID_345A60283DABFBA402_1906076873 Label:Car__AssimpFbx__RotationPivotInverse SpatiallyLoaded:true EditorBounds:IsValid=true, Min=(X=0.000 Y=0.000 Z=0.000), Max=(X=0.000 Y=0.000 Z=0.000) RuntimeBounds:IsValid=true, Min=(X=0.000 Y=0.000 Z=0.000), Max=(X=0.000 Y=0.000 Z=0.000) RuntimeGrid:None EditorOnly:false RuntimeOnly:false HLODRelevant:false ListedInSceneOutliner:true IsMainWorldOnly:false
 |   |   |- [+] [  6]
 |   |   |   |- Guid:49B81BF356373826BBE2B1BF8904FD97 NativeClass:/Script/Engine.PlayerStart Name:PlayerStart_0 Label:PlayerStart SpatiallyLoaded:false EditorBounds:IsValid=true, Min=(X=552.000 Y=-468.000 Z=-35.987), Max=(X=920.000 Y=-212.000 Z=220.013) RuntimeBounds:IsValid=true, Min=(X=640.000 Y=-380.000 Z=0.013), Max=(X=720.000 Y=-300.000 Z=184.013) RuntimeGrid:None EditorOnly:false RuntimeOnly:false HLODRelevant:false ListedInSceneOutliner:true IsMainWorldOnly:false
 |   |   |- [+] [  7]
 |   |   |   |- Guid:5391EFBA446A1F0DA00D9CB5E43253A8 BaseClass:/Game/Telekenisis/FbxScene_Car_(1).FbxScene_Car_(1)_C NativeClass:/Script/Engine.Actor Name:FbxScene_Car_(1)_C_UAID_345A60283DAB08A502_1379111162 Label:FbxScene_Car_(1) SpatiallyLoaded:true EditorBounds:IsValid=true, Min=(X=-26.287 Y=-21.111 Z=0.000), Max=(X=26.287 Y=21.944 Z=89.183) RuntimeBounds:IsValid=true, Min=(X=-26.287 Y=-21.111 Z=43.815), Max=(X=26.287 Y=21.944 Z=89.183) RuntimeGrid:None EditorOnly:false RuntimeOnly:false HLODRelevant:true ListedInSceneOutliner:true IsMainWorldOnly:false
 |   |   |- [+] [  8]
 |   |   |   |- Guid:5D5E7BB6B81135CB82DB2F2D1E92E5AE NativeClass:/Script/Engine.Actor Name:AnyConv_com__Car_node_UAID_345A60283DABFBA402_1904188863 Label:PM3D_Sphere3D1_1_ZBrushPolyMesh3D__AssimpFbx__RotationPivot SpatiallyLoaded:true EditorBounds:IsValid=true, Min=(X=0.000 Y=0.000 Z=0.000), Max=(X=0.000 Y=0.000 Z=0.000) RuntimeBounds:IsValid=true, Min=(X=0.000 Y=0.000 Z=0.000), Max=(X=0.000 Y=0.000 Z=0.000) RuntimeGrid:None EditorOnly:false RuntimeOnly:false HLODRelevant:false ListedInSceneOutliner:true IsMainWorldOnly:false
 |   |   |- [+] [  9]
 |   |   |   |- Guid:632E8DFBDC06395BA1DCF1E0A9B8441B NativeClass:/Script/Engine.ExponentialHeightFog Name:ExponentialHeightFog_0 Label:ExponentialHeightFog SpatiallyLoaded:false EditorBounds:IsValid=true, Min=(X=-5728.000 Y=-178.000 Z=-6978.000), Max=(X=-5472.000 Y=78.000 Z=-6722.000) RuntimeBounds:IsValid=true, Min=(X=-5600.000 Y=-50.000 Z=-6850.000), Max=(X=-5600.000 Y=-50.000 Z=-6850.000) RuntimeGrid:None EditorOnly:false RuntimeOnly:false HLODRelevant:false ListedInSceneOutliner:true IsMainWorldOnly:false FolderPath:Lighting FolderGuid:963EC3EB4002CCE9759E2EBA541A873A
 |   |   |- [+] [ 10]
 |   |   |   |- Guid:6D22EC057B4131F0A3805CB31A487529 NativeClass:/Script/Engine.PostProcessVolume Name:PostProcessVolume_0 Label:PostProcessVolume SpatiallyLoaded:false EditorBounds:IsValid=true, Min=(X=-240.000 Y=0.000 Z=400.000), Max=(X=-40.000 Y=200.000 Z=600.000) RuntimeBounds:IsValid=true, Min=(X=-240.000 Y=0.000 Z=400.000), Max=(X=-40.000 Y=200.000 Z=600.000) RuntimeGrid:None EditorOnly:false RuntimeOnly:false HLODRelevant:false ListedInSceneOutliner:true IsMainWorldOnly:false FolderPath:Lighting FolderGuid:963EC3EB4002CCE9759E2EBA541A873A
 |   |   |- [+] [ 11]
 |   |   |   |- Guid:6F09DD3B4ACA678E0090BA94130380BA NativeClass:/Script/Engine.StaticMeshActor Name:StaticMeshActor_UAID_345A60283DAB08A502_1765687166 Label:Cylinder SpatiallyLoaded:true EditorBounds:IsValid=true, Min=(X=1921.429 Y=821.429 Z=-7.500), Max=(X=2078.571 Y=978.571 Z=867.500) RuntimeBounds:IsValid=true, Min=(X=1921.429 Y=821.429 Z=-7.500), Max=(X=2078.571 Y=978.571 Z=867.500) RuntimeGrid:None EditorOnly:false RuntimeOnly:false HLODRelevant:true ListedInSceneOutliner:true IsMainWorldOnly:false
 |   |   |- [+] [ 12]
 |   |   |   |- Guid:7433F68A8A5E31D5A03FBB77F32FD74C NativeClass:/Script/Engine.SkyLight Name:SkyLight_1 Label:SkyLight SpatiallyLoaded:false EditorBounds:IsValid=true, Min=(X=-1.000 Y=-1.000 Z=-1.000), Max=(X=1.000 Y=1.000 Z=690.000) RuntimeBounds:IsValid=true, Min=(X=0.000 Y=0.000 Z=690.000), Max=(X=0.000 Y=0.000 Z=690.000) RuntimeGrid:None EditorOnly:false RuntimeOnly:false HLODRelevant:false ListedInSceneOutliner:true IsMainWorldOnly:false FolderPath:Lighting FolderGuid:963EC3EB4002CCE9759E2EBA541A873A
 |   |   |- [+] [ 13]
 |   |   |   |- Guid:76165A184EA807865D86048AC696EB91 NativeClass:/Script/Engine.StaticMeshActor Name:StaticMeshActor_UAID_345A60283DAB08A502_1188981145 Label:SM_Cube9 SpatiallyLoaded:true EditorBounds:IsValid=true, Min=(X=1300.000 Y=-664.635 Z=-10.000), Max=(X=1879.913 Y=364.582 Z=390.000) RuntimeBounds:IsValid=true, Min=(X=1300.000 Y=-664.635 Z=-10.000), Max=(X=1879.913 Y=364.582 Z=390.000) RuntimeGrid:None EditorOnly:false RuntimeOnly:false HLODRelevant:true ListedInSceneOutliner:true IsMainWorldOnly:false FolderPath:Playground FolderGuid:C73F09FC4215536B1DCE2A9E0A830C70
 |   |   |- [+] [ 14]
 |   |   |   |- Guid:76DD467135013A7AAF170291473C9079 NativeClass:/Script/Engine.SkyAtmosphere Name:SkyAtmosphere_0 Label:SkyAtmosphere SpatiallyLoaded:false EditorBounds:IsValid=true, Min=(X=-128.000 Y=-128.000 Z=892.000), Max=(X=240.000 Y=128.000 Z=1148.000) RuntimeBounds:IsValid=true, Min=(X=0.000 Y=0.000 Z=1020.000), Max=(X=0.000 Y=0.000 Z=1020.000) RuntimeGrid:None EditorOnly:false RuntimeOnly:false HLODRelevant:false ListedInSceneOutliner:true IsMainWorldOnly:false FolderPath:Lighting FolderGuid:963EC3EB4002CCE9759E2EBA541A873A
 |   |   |- [+] [ 15]
 |   |   |   |- Guid:76F9672CF6AF3A5AAF567A42F0F28D7B NativeClass:/Script/Engine.VolumetricCloud Name:VolumetricCloud_0 Label:VolumetricCloud SpatiallyLoaded:false EditorBounds:IsValid=true, Min=(X=-128.000 Y=-128.000 Z=692.000), Max=(X=128.000 Y=128.000 Z=948.000) RuntimeBounds:IsValid=true, Min=(X=0.000 Y=0.000 Z=820.000), Max=(X=0.000 Y=0.000 Z=820.000) RuntimeGrid:None EditorOnly:false RuntimeOnly:false HLODRelevant:false ListedInSceneOutliner:true IsMainWorldOnly:false FolderPath:Lighting FolderGuid:963EC3EB4002CCE9759E2EBA541A873A
 |   |   |- [+] [ 16]
 |   |   |   |- Guid:8B3883EE8035377E9074E8AD68BF926D NativeClass:/Script/Engine.StaticMeshActor Name:StaticMeshActor_4 Label:SM_Cube6 SpatiallyLoaded:true EditorBounds:IsValid=true, Min=(X=2340.000 Y=-640.000 Z=0.000), Max=(X=2440.000 Y=3435.000 Z=400.000) RuntimeBounds:IsValid=true, Min=(X=2340.000 Y=-640.000 Z=0.000), Max=(X=2440.000 Y=3435.000 Z=400.000) RuntimeGrid:None EditorOnly:false RuntimeOnly:false HLODRelevant:true ListedInSceneOutliner:true IsMainWorldOnly:false FolderPath:Playground FolderGuid:C73F09FC4215536B1DCE2A9E0A830C70
 |   |   |- [+] [ 17]
 |   |   |   |- Guid:8C8232DF55C9331AAFB166BE00383250 NativeClass:/Script/Engine.Actor Name:AnyConv_com__Car_node_UAID_345A60283DABFBA402_1904191867 Label:PM3D_Sphere3D1_1_ZBrushPolyMesh3D__AssimpFbx__ScalingPivot SpatiallyLoaded:true EditorBounds:IsValid=true, Min=(X=0.000 Y=0.000 Z=0.000), Max=(X=0.000 Y=0.000 Z=0.000) RuntimeBounds:IsValid=true, Min=(X=0.000 Y=0.000 Z=0.000), Max=(X=0.000 Y=0.000 Z=0.000) RuntimeGrid:None EditorOnly:false RuntimeOnly:false HLODRelevant:false ListedInSceneOutliner:true IsMainWorldOnly:false Parent:9EFC0D5441273A0AB910D5CE994716C8
 |   |   |   |- Guid:9EFC0D5441273A0AB910D5CE994716C8 NativeClass:/Script/Engine.Actor Name:AnyConv_com__Car_node_UAID_345A60283DABFBA402_1904190866 Label:PM3D_Sphere3D1_1_ZBrushPolyMesh3D__AssimpFbx__ScalingOffset SpatiallyLoaded:true EditorBounds:IsValid=true, Min=(X=0.000 Y=0.000 Z=352.026), Max=(X=0.000 Y=0.000 Z=352.026) RuntimeBounds:IsValid=true, Min=(X=0.000 Y=0.000 Z=352.026), Max=(X=0.000 Y=0.000 Z=352.026) RuntimeGrid:None EditorOnly:false RuntimeOnly:false HLODRelevant:false ListedInSceneOutliner:true IsMainWorldOnly:false
 |   |   |   |- Guid:DC12F43FF43A36DABB686CC7EBF674EE NativeClass:/Script/Engine.Actor Name:AnyConv_com__Car_node_UAID_345A60283DABFBA402_1904192868 Label:PM3D_Sphere3D1_1_ZBrushPolyMesh3D__AssimpFbx__Scaling SpatiallyLoaded:true EditorBounds:IsValid=true, Min=(X=0.000 Y=0.000 Z=0.000), Max=(X=0.000 Y=0.000 Z=0.000) RuntimeBounds:IsValid=true, Min=(X=0.000 Y=0.000 Z=0.000), Max=(X=0.000 Y=0.000 Z=0.000) RuntimeGrid:None EditorOnly:false RuntimeOnly:false HLODRelevant:false ListedInSceneOutliner:true IsMainWorldOnly:false Parent:8C8232DF55C9331AAFB166BE00383250
 |   |   |- [+] [ 18]
 |   |   |   |- Guid:9719162C44998B7CE3F0F1B06A2DD127 NativeClass:/Script/Engine.StaticMeshActor Name:StaticMeshActor_UAID_345A60283DAB08A502_1829491168 Label:SM_Cube4 SpatiallyLoaded:true EditorBounds:IsValid=true, Min=(X=0.000 Y=1430.000 Z=0.000), Max=(X=3000.000 Y=1530.000 Z=400.000) RuntimeBounds:IsValid=true, Min=(X=0.000 Y=1430.000 Z=0.000), Max=(X=3000.000 Y=1530.000 Z=400.000) RuntimeGrid:None EditorOnly:false RuntimeOnly:false HLODRelevant:true ListedInSceneOutliner:true IsMainWorldOnly:false FolderPath:Playground FolderGuid:C73F09FC4215536B1DCE2A9E0A830C70
 |   |   |- [+] [ 19]
 |   |   |   |- Guid:9DBC36F290B234A882FEB9ED08B8CCCA NativeClass:/Script/Engine.TextRenderActor Name:TextRenderActor_1 Label:TextRenderActor SpatiallyLoaded:true EditorBounds:IsValid=true, Min=(X=-128.100 Y=972.000 Z=12.013), Max=(X=127.900 Y=2392.308 Z=268.013) RuntimeBounds:IsValid=true, Min=(X=-0.100 Y=1100.000 Z=65.013), Max=(X=-0.100 Y=2392.308 Z=215.013) RuntimeGrid:None EditorOnly:false RuntimeOnly:false HLODRelevant:false ListedInSceneOutliner:true IsMainWorldOnly:false
 |   |   |- [+] [ 20]
 |   |   |   |- Guid:A9C9142075583BBABF09FE6771E65667 NativeClass:/Script/Engine.StaticMeshActor Name:StaticMeshActor_UAID_A4AE111137DC5EFB00_1110535423 Label:SM_SkySphere SpatiallyLoaded:false EditorBounds:IsValid=true, Min=(X=-1638400.000 Y=-1638400.000 Z=-1638400.000), Max=(X=1638400.000 Y=1638400.000 Z=1638400.000) RuntimeBounds:IsValid=true, Min=(X=-1638400.000 Y=-1638400.000 Z=-1638400.000), Max=(X=1638400.000 Y=1638400.000 Z=1638400.000) RuntimeGrid:None EditorOnly:false RuntimeOnly:false HLODRelevant:false ListedInSceneOutliner:true IsMainWorldOnly:false FolderPath:Lighting FolderGuid:963EC3EB4002CCE9759E2EBA541A873A
 |   |   |- [+] [ 21]
 |   |   |   |- Guid:B029F92E83B130ABA3B2ACC0336C2086 NativeClass:/Script/Engine.Actor Name:AnyConv_com__Car_node_UAID_345A60283DABFBA402_1906078876 Label:Car__AssimpFbx__ScalingPivotInverse SpatiallyLoaded:true EditorBounds:IsValid=true, Min=(X=0.000 Y=0.000 Z=0.000), Max=(X=0.000 Y=0.000 Z=0.000) RuntimeBounds:IsValid=true, Min=(X=0.000 Y=0.000 Z=0.000), Max=(X=0.000 Y=0.000 Z=0.000) RuntimeGrid:None EditorOnly:false RuntimeOnly:false HLODRelevant:false ListedInSceneOutliner:true IsMainWorldOnly:false
 |   |   |- [+] [ 22]
 |   |   |   |- Guid:B4791911345331F8872590EA5CE5507B NativeClass:/Script/Engine.StaticMeshActor Name:StaticMeshActor_6 Label:SM_Cube3 SpatiallyLoaded:true EditorBounds:IsValid=true, Min=(X=0.000 Y=3400.000 Z=0.000), Max=(X=3000.000 Y=3500.000 Z=400.000) RuntimeBounds:IsValid=true, Min=(X=0.000 Y=3400.000 Z=0.000), Max=(X=3000.000 Y=3500.000 Z=400.000) RuntimeGrid:None EditorOnly:false RuntimeOnly:false HLODRelevant:true ListedInSceneOutliner:true IsMainWorldOnly:false FolderPath:Playground FolderGuid:C73F09FC4215536B1DCE2A9E0A830C70
 |   |   |- [+] [ 23]
 |   |   |   |- Guid:C0D40CCB4AC014EFD9BBBC883DAABCB1 BaseClass:/Game/ThirdPerson/Blueprints/BP_GrapplePoint.BP_GrapplePoint_C NativeClass:/Script/Engine.Actor Name:BP_GrapplePoint_C_UAID_345A60283DAB08A502_1811924167 Label:BP_GrapplePoint SpatiallyLoaded:true EditorBounds:IsValid=true, Min=(X=1652.084 Y=715.429 Z=667.500), Max=(X=2050.475 Y=1088.968 Z=900.000) RuntimeBounds:IsValid=true, Min=(X=1652.084 Y=715.429 Z=667.500), Max=(X=2050.475 Y=1088.968 Z=900.000) RuntimeGrid:None EditorOnly:false RuntimeOnly:false HLODRelevant:false ListedInSceneOutliner:true IsMainWorldOnly:false
 |   |   |- [+] [ 24]
 |   |   |   |- Guid:C8F0F50F4DDD8CAB92B0739251DF7B92 NativeClass:/Script/Engine.StaticMeshActor Name:StaticMeshActor_UAID_345A60283DAB08A502_1133431143 Label:SM_Cube7 SpatiallyLoaded:true EditorBounds:IsValid=true, Min=(X=-0.000 Y=-640.000 Z=0.000), Max=(X=100.000 Y=3435.000 Z=400.000) RuntimeBounds:IsValid=true, Min=(X=-0.000 Y=-640.000 Z=0.000), Max=(X=100.000 Y=3435.000 Z=400.000) RuntimeGrid:None EditorOnly:false RuntimeOnly:false HLODRelevant:true ListedInSceneOutliner:true IsMainWorldOnly:false FolderPath:Playground FolderGuid:C73F09FC4215536B1DCE2A9E0A830C70
 |   |   |- [+] [ 25]
 |   |   |   |- Guid:CB9CF0A5714D3846B5D1FCB598E3C86C NativeClass:/Script/Engine.StaticMeshActor Name:StaticMeshActor_1 Label:SM_Cube SpatiallyLoaded:true EditorBounds:IsValid=true, Min=(X=0.000 Y=-750.000 Z=-50.000), Max=(X=3000.000 Y=4075.000 Z=0.000) RuntimeBounds:IsValid=true, Min=(X=0.000 Y=-750.000 Z=-50.000), Max=(X=3000.000 Y=4075.000 Z=0.000) RuntimeGrid:None EditorOnly:false RuntimeOnly:false HLODRelevant:true ListedInSceneOutliner:true IsMainWorldOnly:false FolderPath:Playground FolderGuid:C73F09FC4215536B1DCE2A9E0A830C70
 |   |   |- [+] [ 26]
 |   |   |   |- Guid:DEA246295C203E698836BEBE4A8D489E NativeClass:/Script/Engine.DirectionalLight Name:DirectionalLight_0 Label:DirectionalLight SpatiallyLoaded:false EditorBounds:IsValid=false, Min=(X=0.000 Y=0.000 Z=0.000), Max=(X=0.000 Y=0.000 Z=0.000) RuntimeBounds:IsValid=false, Min=(X=0.000 Y=0.000 Z=0.000), Max=(X=0.000 Y=0.000 Z=0.000) RuntimeGrid:None EditorOnly:false RuntimeOnly:false HLODRelevant:false ListedInSceneOutliner:true IsMainWorldOnly:false FolderPath:Lighting FolderGuid:963EC3EB4002CCE9759E2EBA541A873A
 |- ContainerInstances:
 |- [+] MainContainer:
 |   |-        ID: 00000000000000000000000000000000
 |   |-  ParentID: 00000000000000000000000000000000
 |   |-    Bounds: IsValid=false, Min=(X=0.000 Y=0.000 Z=0.000), Max=(X=0.000 Y=0.000 Z=0.000)
 |   |- Transform: 0.000000,0.000000,0.000000|0.000000,0.000000,-0.000000|1.000000,1.000000,1.000000
 |   |- Container: /Game/ThirdPerson/Maps/Lvl_DemoMap
----------------------------------------------------------------------------------------------------------------
Lvl_DemoMap - Persistent Level
----------------------------------------------------------------------------------------------------------------
[+] Content of Lvl_DemoMap Persistent Level
 |- Always loaded Actor Count: 30 
 |- Actor Path: /Game/ThirdPerson/Maps/Lvl_DemoMap.Lvl_DemoMap:PersistentLevel.AnyConv_com__Car_node_UAID_345A60283DABFBA402_1904184859
 |- Actor Package: /Game/__ExternalActors__/ThirdPerson/Maps/Lvl_DemoMap/E/AN/HDV9775WHXLMWUFNEMSUNU
 |- Actor Path: /Game/ThirdPerson/Maps/Lvl_DemoMap.Lvl_DemoMap:PersistentLevel.AnyConv_com__Car_node_UAID_345A60283DABFBA402_1904188863
 |- Actor Package: /Game/__ExternalActors__/ThirdPerson/Maps/Lvl_DemoMap/A/JO/4W5LOY552RYHU2SIYCOT7M
 |- Actor Path: /Game/ThirdPerson/Maps/Lvl_DemoMap.Lvl_DemoMap:PersistentLevel.AnyConv_com__Car_node_UAID_345A60283DABFBA402_1904190866
 |- Actor Package: /Game/__ExternalActors__/ThirdPerson/Maps/Lvl_DemoMap/B/B5/J03CCP2I9C8KVPWCE4FZK3
 |- Actor Path: /Game/ThirdPerson/Maps/Lvl_DemoMap.Lvl_DemoMap:PersistentLevel.AnyConv_com__Car_node_UAID_345A60283DABFBA402_1904191867
 |- Actor Package: /Game/__ExternalActors__/ThirdPerson/Maps/Lvl_DemoMap/9/YQ/CING5QIQW5HPGGBNWPKT54
 |- Actor Path: /Game/ThirdPerson/Maps/Lvl_DemoMap.Lvl_DemoMap:PersistentLevel.AnyConv_com__Car_node_UAID_345A60283DABFBA402_1904192868
 |- Actor Package: /Game/__ExternalActors__/ThirdPerson/Maps/Lvl_DemoMap/F/21/H7O2Z66M9R4W96S4XG6IXU
 |- Actor Path: /Game/ThirdPerson/Maps/Lvl_DemoMap.Lvl_DemoMap:PersistentLevel.AnyConv_com__Car_node_UAID_345A60283DABFBA402_1906076873
 |- Actor Package: /Game/__ExternalActors__/ThirdPerson/Maps/Lvl_DemoMap/E/NW/UYTXC9RUTB3TY0IZ5JMZPP
 |- Actor Path: /Game/ThirdPerson/Maps/Lvl_DemoMap.Lvl_DemoMap:PersistentLevel.AnyConv_com__Car_node_UAID_345A60283DABFBA402_1906078876
 |- Actor Package: /Game/__ExternalActors__/ThirdPerson/Maps/Lvl_DemoMap/2/SW/6CN24ZPVN8K5SL0PJPZOSJ
 |- Actor Path: /Game/ThirdPerson/Maps/Lvl_DemoMap.Lvl_DemoMap:PersistentLevel.AnyConv_com__Car_scene_UAID_345A60283DABFBA402_1897467858
 |- Actor Package: /Game/__ExternalActors__/ThirdPerson/Maps/Lvl_DemoMap/6/HT/E3LIZ17DLUI4VCPVT8UHGF
 |- Actor Path: /Game/ThirdPerson/Maps/Lvl_DemoMap.Lvl_DemoMap:PersistentLevel.BP_GrapplePoint_C_UAID_345A60283DAB08A502_1811924167
 |- Actor Package: /Game/__ExternalActors__/ThirdPerson/Maps/Lvl_DemoMap/9/3M/XB43IJHB7Q1WJSH59S9REA
 |- Actor Path: /Game/ThirdPerson/Maps/Lvl_DemoMap.Lvl_DemoMap:PersistentLevel.BP_MagneticItem_C_UAID_345A60283DAB08A502_1690162165
 |- Actor Package: /Game/__ExternalActors__/ThirdPerson/Maps/Lvl_DemoMap/C/60/CWZNOEQNDT7B18M7ULCK2I
 |- Actor Path: /Game/ThirdPerson/Maps/Lvl_DemoMap.Lvl_DemoMap:PersistentLevel.DirectionalLight_0
 |- Actor Package: /Game/__ExternalActors__/ThirdPerson/Maps/Lvl_DemoMap/2/C1/T5BGANBFBNET9PP23QBKTB
 |- Actor Path: /Game/ThirdPerson/Maps/Lvl_DemoMap.Lvl_DemoMap:PersistentLevel.ExponentialHeightFog_0
 |- Actor Package: /Game/__ExternalActors__/ThirdPerson/Maps/Lvl_DemoMap/D/F3/H8J8L5R45166PUA1Q68Z1Z
 |- Actor Path: /Game/ThirdPerson/Maps/Lvl_DemoMap.Lvl_DemoMap:PersistentLevel.FbxScene_Car_(1)_C_UAID_345A60283DAB08A502_1379111162
 |- Actor Package: /Game/__ExternalActors__/ThirdPerson/Maps/Lvl_DemoMap/4/SL/X12AUZD4EMLF88SK53VAVV
 |- Actor Path: /Game/ThirdPerson/Maps/Lvl_DemoMap.Lvl_DemoMap:PersistentLevel.PlayerStart_0
 |- Actor Package: /Game/__ExternalActors__/ThirdPerson/Maps/Lvl_DemoMap/A/3X/GY8FXCOB0CUY6HZFYQ8E5Q
 |- Actor Path: /Game/ThirdPerson/Maps/Lvl_DemoMap.Lvl_DemoMap:PersistentLevel.PostProcessVolume_0
 |- Actor Package: /Game/__ExternalActors__/ThirdPerson/Maps/Lvl_DemoMap/F/2U/RIHJUNJ3IRAZ93BDW5LMA5
 |- Actor Path: /Game/ThirdPerson/Maps/Lvl_DemoMap.Lvl_DemoMap:PersistentLevel.SkyAtmosphere_0
 |- Actor Package: /Game/__ExternalActors__/ThirdPerson/Maps/Lvl_DemoMap/B/HD/Y9MSTHNVGBJOVTF9YMQGQJ
 |- Actor Path: /Game/ThirdPerson/Maps/Lvl_DemoMap.Lvl_DemoMap:PersistentLevel.SkyLight_1
 |- Actor Package: /Game/__ExternalActors__/ThirdPerson/Maps/Lvl_DemoMap/D/10/WZ880767EJU2WN32KNJWON
 |- Actor Path: /Game/ThirdPerson/Maps/Lvl_DemoMap.Lvl_DemoMap:PersistentLevel.StaticMeshActor_1
 |- Actor Package: /Game/__ExternalActors__/ThirdPerson/Maps/Lvl_DemoMap/7/K1/07X802YWG9NSLMFFN6BGEM
 |- Actor Path: /Game/ThirdPerson/Maps/Lvl_DemoMap.Lvl_DemoMap:PersistentLevel.StaticMeshActor_4
 |- Actor Package: /Game/__ExternalActors__/ThirdPerson/Maps/Lvl_DemoMap/0/M4/VJLBA8OELTP566KIH52EHW
 |- Actor Path: /Game/ThirdPerson/Maps/Lvl_DemoMap.Lvl_DemoMap:PersistentLevel.StaticMeshActor_5
 |- Actor Package: /Game/__ExternalActors__/ThirdPerson/Maps/Lvl_DemoMap/9/YH/DQ56HZ51OKH07KVY58RK9X
 |- Actor Path: /Game/ThirdPerson/Maps/Lvl_DemoMap.Lvl_DemoMap:PersistentLevel.StaticMeshActor_6
 |- Actor Package: /Game/__ExternalActors__/ThirdPerson/Maps/Lvl_DemoMap/D/4I/PHXOSWJZ32Z1FWIWTZLJ9C
 |- Actor Path: /Game/ThirdPerson/Maps/Lvl_DemoMap.Lvl_DemoMap:PersistentLevel.StaticMeshActor_UAID_345A60283DAB08A502_1133431143
 |- Actor Package: /Game/__ExternalActors__/ThirdPerson/Maps/Lvl_DemoMap/7/O3/QBUEGIGECIZNBLG1ACTCDJ
 |- Actor Path: /Game/ThirdPerson/Maps/Lvl_DemoMap.Lvl_DemoMap:PersistentLevel.StaticMeshActor_UAID_345A60283DAB08A502_1163172144
 |- Actor Package: /Game/__ExternalActors__/ThirdPerson/Maps/Lvl_DemoMap/9/CX/YO5XAMFPVY4DK1QU5P81SC
 |- Actor Path: /Game/ThirdPerson/Maps/Lvl_DemoMap.Lvl_DemoMap:PersistentLevel.StaticMeshActor_UAID_345A60283DAB08A502_1188981145
 |- Actor Package: /Game/__ExternalActors__/ThirdPerson/Maps/Lvl_DemoMap/6/01/22O29TPEHO5F1AENP3J358
 |- Actor Path: /Game/ThirdPerson/Maps/Lvl_DemoMap.Lvl_DemoMap:PersistentLevel.StaticMeshActor_UAID_345A60283DAB08A502_1765687166
 |- Actor Package: /Game/__ExternalActors__/ThirdPerson/Maps/Lvl_DemoMap/6/W2/CEST3EQL2CAOPIA0OYSJ5K
 |- Actor Path: /Game/ThirdPerson/Maps/Lvl_DemoMap.Lvl_DemoMap:PersistentLevel.StaticMeshActor_UAID_345A60283DAB08A502_1829491168
 |- Actor Package: /Game/__ExternalActors__/ThirdPerson/Maps/Lvl_DemoMap/B/P5/GOEGE4ZQ0W98509AJQ2L1L
 |- Actor Path: /Game/ThirdPerson/Maps/Lvl_DemoMap.Lvl_DemoMap:PersistentLevel.StaticMeshActor_UAID_A4AE111137DC5EFB00_1110535423
 |- Actor Package: /Game/__ExternalActors__/ThirdPerson/Maps/Lvl_DemoMap/E/M3/AGLLVLS5J5GBYBPNXQF6N3
 |- Actor Path: /Game/ThirdPerson/Maps/Lvl_DemoMap.Lvl_DemoMap:PersistentLevel.TextRenderActor_1
 |- Actor Package: /Game/__ExternalActors__/ThirdPerson/Maps/Lvl_DemoMap/5/XK/715FR6Y7WOCR3071UOMLPL
 |- Actor Path: /Game/ThirdPerson/Maps/Lvl_DemoMap.Lvl_DemoMap:PersistentLevel.VolumetricCloud_0
 |- Actor Package: /Game/__ExternalActors__/ThirdPerson/Maps/Lvl_DemoMap/2/DD/T25S8DQEH0G2COG2QNK827
 |- Actor Path: /Game/ThirdPerson/Maps/Lvl_DemoMap.Lvl_DemoMap:PersistentLevel.WorldDataLayers
 |- Actor Package: /Game/__ExternalActors__/ThirdPerson/Maps/Lvl_DemoMap/0/IB/TNJQF10PMRTT9OK0470VFJ

----------------------------------------------------------------------------------------------------------------
Lvl_DemoMap - Runtime Hash Set
----------------------------------------------------------------------------------------------------------------

